Build started 10/23/2015 9:50:33 AM.
     1>Project "C:\Users\Maxime\Desktop\src\INF3610-Lab2-pt1 - UTF\INF3610-Lab2-pt1\INF3610-Lab2-pt1.vcxproj" on node 2 (Build target(s)).
     1>ClCompile:
         C:\Program Files (x86)\Microsoft Visual Studio 12.0\VC\bin\CL.exe /c /ZI /nologo /W3 /WX- /sdl /Od /Oy- /D _MBCS /D _MBCS /D _XKEYCHECK_H /D _CRT_SECURE_NO_WARNINGS /Gm /EHsc /RTC1 /MTd /GS /fp:precise /Zc:wchar_t /Zc:forScope /GR /Fo"Debug\\" /Fd"Debug\vc120.pdb" /Gd /TC /analyze- /errorReport:prompt /vmg assert.c
         assert.c
         C:\Program Files (x86)\Microsoft Visual Studio 12.0\VC\bin\CL.exe /c /ZI /nologo /W3 /WX- /sdl /Od /Oy- /D _MBCS /D _MBCS /D _XKEYCHECK_H /D _CRT_SECURE_NO_WARNINGS /Gm /EHsc /RTC1 /MTd /GS /fp:precise /Zc:wchar_t /Zc:forScope /GR /Fo"Debug\\" /Fd"Debug\vc120.pdb" /Gd /TP /analyze- /errorReport:prompt /vmg Bubble.cpp DataRAM.cpp main.cpp RAM.cpp Reader.cpp
         Reader.cpp
     1>c:\users\maxime\desktop\src\inf3610-lab2-pt1 - utf\inf3610-lab2-pt1\reader.h(9): fatal error C1083: Cannot open include file: 'systemc.h': No such file or directory
         RAM.cpp
     1>c:\users\maxime\desktop\src\inf3610-lab2-pt1 - utf\inf3610-lab2-pt1\ram.h(9): fatal error C1083: Cannot open include file: 'systemc.h': No such file or directory
         main.cpp
     1>c:\users\maxime\desktop\src\inf3610-lab2-pt1 - utf\inf3610-lab2-pt1\main.cpp(6): fatal error C1083: Cannot open include file: 'systemc.h': No such file or directory
         DataRAM.cpp
     1>c:\users\maxime\desktop\src\inf3610-lab2-pt1 - utf\inf3610-lab2-pt1\dataram.h(9): fatal error C1083: Cannot open include file: 'systemc.h': No such file or directory
         Bubble.cpp
     1>c:\users\maxime\desktop\src\inf3610-lab2-pt1 - utf\inf3610-lab2-pt1\bubble.h(9): fatal error C1083: Cannot open include file: 'systemc.h': No such file or directory
         Generating Code...
     1>Done Building Project "C:\Users\Maxime\Desktop\src\INF3610-Lab2-pt1 - UTF\INF3610-Lab2-pt1\INF3610-Lab2-pt1.vcxproj" (Build target(s)) -- FAILED.

Build FAILED.

Time Elapsed 00:00:01.82
